Using pre-set license
Built from '2020.3/staging' branch; Version is '2020.3.16f1 (049d6eca3c44) revision 302446'; Using compiler version '192528614'; Build Type 'Release'
OS: 'Windows 10 Pro; OS build 19043.1288; Version 2009; 64bit' Language: 'en' Physical Memory: 16317 MB
BatchMode: 1, IsHumanControllingUs: 0, StartBugReporterOnCrash: 0, Is64bit: 1, IsPro: 0

 COMMAND LINE ARGUMENTS:
E:\Installed\unity_2020_3_16\Editor\Unity.exe
-adb2
-batchMode
-noUpm
-name
AssetImportWorker0
-projectPath
F:/Unity/AR/NextGenSoftUk/Our-World-Smartphone-Prototype-AR
-logFile
Logs/AssetImportWorker0.log
-srvPort
58631
Successfully changed project path to: F:/Unity/AR/NextGenSoftUk/Our-World-Smartphone-Prototype-AR
F:/Unity/AR/NextGenSoftUk/Our-World-Smartphone-Prototype-AR
Using Asset Import Pipeline V2.
Refreshing native plugins compatible for Editor in 121.04 ms, found 3 plugins.
Preloading 0 native plugins for Editor in 0.00 ms.
Initialize engine version: 2020.3.16f1 (049d6eca3c44)
[Subsystems] Discovering subsystems at path E:/Installed/unity_2020_3_16/Editor/Data/Resources/UnitySubsystems
[Subsystems] Discovering subsystems at path F:/Unity/AR/NextGenSoftUk/Our-World-Smartphone-Prototype-AR/Assets
GfxDevice: creating device client; threaded=0
Direct3D:
    Version:  Direct3D 11.0 [level 11.1]
    Renderer: NVIDIA GeForce GTX 1650 (ID=0x1f82)
    Vendor:   
    VRAM:     3962 MB
    Driver:   27.21.14.5671
Shader 'Universal Render Pipeline/Particles/Lit': fallback shader 'Universal Render Pipeline/Particles/SimpleLit' not found
Initialize mono
Mono path[0] = 'E:/Installed/unity_2020_3_16/Editor/Data/Managed'
Mono path[1] = 'E:/Installed/unity_2020_3_16/Editor/Data/MonoBleedingEdge/lib/mono/unityjit'
Mono config path = 'E:/Installed/unity_2020_3_16/Editor/Data/MonoBleedingEdge/etc'
Using monoOptions --debugger-agent=transport=dt_socket,embedding=1,server=y,suspend=n,address=127.0.0.1:56732
Begin MonoManager ReloadAssembly
Registering precompiled unity dll's ...
Register platform support module: E:/Installed/unity_2020_3_16/Editor/Data/PlaybackEngines/WindowsStandaloneSupport/UnityEditor.WindowsStandalone.Extensions.dll
Registered in 0.001233 seconds.
Native extension for WindowsStandalone target not found
Refreshing native plugins compatible for Editor in 103.00 ms, found 3 plugins.
Preloading 0 native plugins for Editor in 0.00 ms.
Mono: successfully reloaded assembly
- Completed reload, in  1.249 seconds
Domain Reload Profiling:
	ReloadAssembly (1250ms)
		BeginReloadAssembly (69ms)
			ExecutionOrderSort (0ms)
			DisableScriptedObjects (0ms)
			BackupInstance (0ms)
			ReleaseScriptingObjects (0ms)
			CreateAndSetChildDomain (1ms)
		EndReloadAssembly (463ms)
			LoadAssemblies (69ms)
			RebuildTransferFunctionScriptingTraits (0ms)
			SetupTypeCache (144ms)
			ReleaseScriptCaches (0ms)
			RebuildScriptCaches (29ms)
			SetupLoadedEditorAssemblies (220ms)
				LogAssemblyErrors (0ms)
				InitializePlatformSupportModulesInManaged (4ms)
				SetLoadedEditorAssemblies (0ms)
				RefreshPlugins (103ms)
				BeforeProcessingInitializeOnLoad (15ms)
				ProcessInitializeOnLoadAttributes (71ms)
				ProcessInitializeOnLoadMethodAttributes (26ms)
				AfterProcessingInitializeOnLoad (0ms)
				EditorAssembliesLoaded (0ms)
			ExecutionOrderSort2 (0ms)
			AwakeInstancesAfterBackupRestoration (0ms)
Platform modules already initialized, skipping
Registering precompiled user dll's ...
Registered in 0.008624 seconds.
Begin MonoManager ReloadAssembly
Native extension for WindowsStandalone target not found
Refreshing native plugins compatible for Editor in 106.23 ms, found 3 plugins.
Preloading 0 native plugins for Editor in 0.00 ms.
Mono: successfully reloaded assembly
- Completed reload, in  1.531 seconds
Domain Reload Profiling:
	ReloadAssembly (1532ms)
		BeginReloadAssembly (173ms)
			ExecutionOrderSort (0ms)
			DisableScriptedObjects (5ms)
			BackupInstance (0ms)
			ReleaseScriptingObjects (0ms)
			CreateAndSetChildDomain (24ms)
		EndReloadAssembly (1303ms)
			LoadAssemblies (130ms)
			RebuildTransferFunctionScriptingTraits (0ms)
			SetupTypeCache (387ms)
			ReleaseScriptCaches (1ms)
			RebuildScriptCaches (95ms)
			SetupLoadedEditorAssemblies (576ms)
				LogAssemblyErrors (0ms)
				InitializePlatformSupportModulesInManaged (4ms)
				SetLoadedEditorAssemblies (0ms)
				RefreshPlugins (106ms)
				BeforeProcessingInitializeOnLoad (108ms)
				ProcessInitializeOnLoadAttributes (346ms)
				ProcessInitializeOnLoadMethodAttributes (8ms)
				AfterProcessingInitializeOnLoad (4ms)
				EditorAssembliesLoaded (0ms)
			ExecutionOrderSort2 (0ms)
			AwakeInstancesAfterBackupRestoration (14ms)
Platform modules already initialized, skipping
========================================================================
Worker process is ready to serve import requests
Shader 'Universal Render Pipeline/Particles/Lit': fallback shader 'Universal Render Pipeline/Particles/SimpleLit' not found
Launched and connected shader compiler UnityShaderCompiler.exe after 0.08 seconds
Refreshing native plugins compatible for Editor in 1.19 ms, found 3 plugins.
Preloading 0 native plugins for Editor in 0.00 ms.
Unloading 4680 Unused Serialized files (Serialized files now loaded: 0)
System memory in use before: 190.9 MB.
System memory in use after: 191.2 MB.

Unloading 62 unused Assets to reduce memory usage. Loaded Objects now: 5079.
Total: 5.192300 ms (FindLiveObjects: 0.513200 ms CreateObjectMapping: 0.287800 ms MarkObjects: 4.293700 ms  DeleteObjects: 0.096500 ms)

AssetImportParameters requested are different than current active one (requested -> active):
  custom:framework-win-MediaFoundation: 216162199b28c13a410421893ffa2e32 -> 
  custom:video-decoder-ogg-theora: a1e56fd34408186e4bbccfd4996cb3dc -> 
  custom:container-muxer-webm: aa71ff27fc2769a1b78a27578f13a17b -> 
  custom:container-demuxer-webm: 4f35f7cbe854078d1ac9338744f61a02 -> 
  custom:container-demuxer-ogg: 62fdf1f143b41e24485cea50d1cbac27 -> 
  custom:video-encoder-webm-vp8: eb34c28f22e8b96e1ab97ce403110664 -> 
  custom:video-decoder-webm-vp8: 9c59270c3fd7afecdb556c50c9e8de78 -> 
  custom:audio-decoder-ogg-vorbis: bf7c407c2cedff20999df2af8eb42d56 -> 
  custom:audio-encoder-webm-vorbis: bf7c407c2cedff20999df2af8eb42d56 -> 
========================================================================
Received Import Request.
  path: Assets/_Game/Scenes/ZoomableMap.unity
  artifactKey: Guid(2c7147d54825142878b256c67aae5704) Importer(815301076,1909f56bfc062723c751e8b465ee728b)
Start importing Assets/_Game/Scenes/ZoomableMap.unity using Guid(2c7147d54825142878b256c67aae5704) Importer(815301076,1909f56bfc062723c751e8b465ee728b)  -> (artifact id: '0d1118191d53bd0bbec088c27931689e') in 0.014332 seconds 
  Import took 0.048304 seconds .

========================================================================
Received Import Request.
  Time since last request: 84.105831 seconds.
  path: Assets/_Game/Scripts/MapBox/ViewController.cs
  artifactKey: Guid(b181ce92509389c48a5638ec9733c73b) Importer(815301076,1909f56bfc062723c751e8b465ee728b)
Start importing Assets/_Game/Scripts/MapBox/ViewController.cs using Guid(b181ce92509389c48a5638ec9733c73b) Importer(815301076,1909f56bfc062723c751e8b465ee728b)  -> (artifact id: '6027bddb3d3ec67e1df9ca02947ec3a1') in 0.034154 seconds 
  Import took 0.071662 seconds .

========================================================================
Received Import Request.
  Time since last request: 862.019147 seconds.
  path: Assets/_Game/Prefabs/Player.prefab
  artifactKey: Guid(91e22ea94d97a4741802f63c7fbd960f) Importer(815301076,1909f56bfc062723c751e8b465ee728b)
Start importing Assets/_Game/Prefabs/Player.prefab using Guid(91e22ea94d97a4741802f63c7fbd960f) Importer(815301076,1909f56bfc062723c751e8b465ee728b)  -> (artifact id: 'c4dbf49291fc07246fdc5196c6fc2d25') in 0.211434 seconds 
  Import took 0.232586 seconds .

========================================================================
Received Import Request.
  Time since last request: 48.276817 seconds.
  path: Assets/_Game/Scripts/MapBox/PlayerManager.cs
  artifactKey: Guid(7ce59ba9b84559549a7bd2da8b645da6) Importer(815301076,1909f56bfc062723c751e8b465ee728b)
Start importing Assets/_Game/Scripts/MapBox/PlayerManager.cs using Guid(7ce59ba9b84559549a7bd2da8b645da6) Importer(815301076,1909f56bfc062723c751e8b465ee728b)  -> (artifact id: '00e1c13796c4e69f8602f85306e37443') in 0.007251 seconds 
  Import took 0.043693 seconds .

========================================================================
Received Import Request.
  Time since last request: 0.003204 seconds.
  path: Assets/_Game/Scripts/Intro Animations/RotateLogo.cs
  artifactKey: Guid(04f8e262d18c58547b71a04d89e0ced5) Importer(815301076,1909f56bfc062723c751e8b465ee728b)
Start importing Assets/_Game/Scripts/Intro Animations/RotateLogo.cs using Guid(04f8e262d18c58547b71a04d89e0ced5) Importer(815301076,1909f56bfc062723c751e8b465ee728b)  -> (artifact id: 'f891298e947923381a295a5d3f56c62f') in 0.002217 seconds 
  Import took 0.028766 seconds .

========================================================================
Received Import Request.
  Time since last request: 0.003083 seconds.
  path: Assets/_Game/Scripts/Intro Animations/MainMenuIntro.cs
  artifactKey: Guid(1e6dfe15e675ab14cae2fe8a978b5198) Importer(815301076,1909f56bfc062723c751e8b465ee728b)
Start importing Assets/_Game/Scripts/Intro Animations/MainMenuIntro.cs using Guid(1e6dfe15e675ab14cae2fe8a978b5198) Importer(815301076,1909f56bfc062723c751e8b465ee728b)  -> (artifact id: '0b4b3bfa14be8ceb5011e47b7cead460') in 0.002581 seconds 
  Import took 0.032209 seconds .

========================================================================
Received Import Request.
  Time since last request: 0.003194 seconds.
  path: Assets/_Game/Scripts/MapBox/ArTapToPlaceObject.cs
  artifactKey: Guid(e3a163f021856114992459a81fbe6c6d) Importer(815301076,1909f56bfc062723c751e8b465ee728b)
Start importing Assets/_Game/Scripts/MapBox/ArTapToPlaceObject.cs using Guid(e3a163f021856114992459a81fbe6c6d) Importer(815301076,1909f56bfc062723c751e8b465ee728b)  -> (artifact id: 'dd9241ac10b43195c8a2815aee0d31b6') in 0.003754 seconds 
  Import took 0.040955 seconds .

========================================================================
Received Import Request.
  Time since last request: 0.003189 seconds.
  path: Assets/_Game/Scripts/MapBox/BehaviousController.cs
  artifactKey: Guid(a1d1ab0b51f2f0f47b17c58b95762ae9) Importer(815301076,1909f56bfc062723c751e8b465ee728b)
Start importing Assets/_Game/Scripts/MapBox/BehaviousController.cs using Guid(a1d1ab0b51f2f0f47b17c58b95762ae9) Importer(815301076,1909f56bfc062723c751e8b465ee728b)  -> (artifact id: 'e4ecac2a0c6afd81728f33c3c8c08eca') in 0.002931 seconds 
  Import took 0.024592 seconds .

========================================================================
Received Import Request.
  Time since last request: 0.002837 seconds.
  path: Assets/_Game/Scripts/Authentication/Authentication.cs
  artifactKey: Guid(4f03d633542769848b585e68d26f35cc) Importer(815301076,1909f56bfc062723c751e8b465ee728b)
Start importing Assets/_Game/Scripts/Authentication/Authentication.cs using Guid(4f03d633542769848b585e68d26f35cc) Importer(815301076,1909f56bfc062723c751e8b465ee728b)  -> (artifact id: '4b5478f8c2255fdf4eac555db8b3a7ec') in 0.002502 seconds 
  Import took 0.038687 seconds .

========================================================================
Received Import Request.
  Time since last request: 0.003029 seconds.
  path: Assets/_Game/Scripts/Avatar Info/AvatarInfoManager.cs
  artifactKey: Guid(78cadb4c13575a64f8f5ddaf891955a8) Importer(815301076,1909f56bfc062723c751e8b465ee728b)
Start importing Assets/_Game/Scripts/Avatar Info/AvatarInfoManager.cs using Guid(78cadb4c13575a64f8f5ddaf891955a8) Importer(815301076,1909f56bfc062723c751e8b465ee728b)  -> (artifact id: '7c4abdb64cfb3ad08131561f513c1c84') in 0.003916 seconds 
  Import took 0.029919 seconds .

========================================================================
Received Import Request.
  Time since last request: 0.005219 seconds.
  path: Assets/_Game/Scripts/MapBox/Template.cs
  artifactKey: Guid(521e655fbc73df047b834c2fabc6eee1) Importer(815301076,1909f56bfc062723c751e8b465ee728b)
Start importing Assets/_Game/Scripts/MapBox/Template.cs using Guid(521e655fbc73df047b834c2fabc6eee1) Importer(815301076,1909f56bfc062723c751e8b465ee728b)  -> (artifact id: '2be9da5722a9002bd29e3541e83dc061') in 0.002500 seconds 
  Import took 0.009154 seconds .

========================================================================
Received Import Request.
  Time since last request: 0.003150 seconds.
  path: Assets/_Game/Scripts/Intro Animations/StarsLensFlare.cs
  artifactKey: Guid(19515fab298b70d4bac8f8d21c60fec3) Importer(815301076,1909f56bfc062723c751e8b465ee728b)
Start importing Assets/_Game/Scripts/Intro Animations/StarsLensFlare.cs using Guid(19515fab298b70d4bac8f8d21c60fec3) Importer(815301076,1909f56bfc062723c751e8b465ee728b)  -> (artifact id: '42217813956e0401443fb000c274b4d4') in 0.002878 seconds 
  Import took 0.025526 seconds .

========================================================================
Received Import Request.
  Time since last request: 0.002928 seconds.
  path: Assets/_Game/Scripts/MapBox/loadbundle.cs
  artifactKey: Guid(b47d19201465b36498958308a96756a1) Importer(815301076,1909f56bfc062723c751e8b465ee728b)
Start importing Assets/_Game/Scripts/MapBox/loadbundle.cs using Guid(b47d19201465b36498958308a96756a1) Importer(815301076,1909f56bfc062723c751e8b465ee728b)  -> (artifact id: '2d328150a1c3ca6e9e2e1cdf40aa880a') in 0.002647 seconds 
  Import took 0.033223 seconds .

========================================================================
Received Import Request.
  Time since last request: 0.004172 seconds.
  path: Assets/_Game/Scripts/MapBox/UIController.cs
  artifactKey: Guid(27470458d8f2254448462cd50667c037) Importer(815301076,1909f56bfc062723c751e8b465ee728b)
Start importing Assets/_Game/Scripts/MapBox/UIController.cs using Guid(27470458d8f2254448462cd50667c037) Importer(815301076,1909f56bfc062723c751e8b465ee728b)  -> (artifact id: 'dbaa93a6146beec23af34759c7c5dc8a') in 0.005983 seconds 
  Import took 0.050265 seconds .

========================================================================
Received Import Request.
  Time since last request: 0.003251 seconds.
  path: Assets/_Game/Scripts/Avatar Info/MainMenuAvatarInfoManager.cs
  artifactKey: Guid(199225824c7624546bc2641e6c25b4d9) Importer(815301076,1909f56bfc062723c751e8b465ee728b)
Start importing Assets/_Game/Scripts/Avatar Info/MainMenuAvatarInfoManager.cs using Guid(199225824c7624546bc2641e6c25b4d9) Importer(815301076,1909f56bfc062723c751e8b465ee728b)  -> (artifact id: '1b3298ae43359e102442fe7ad271bc7c') in 0.002586 seconds 
  Import took 0.035718 seconds .

========================================================================
Received Import Request.
  Time since last request: 0.007325 seconds.
  path: Assets/_Game/Scripts/MapBox/RotationController.cs
  artifactKey: Guid(75cb6b4d1703c2c449de94caa0fcfc6b) Importer(815301076,1909f56bfc062723c751e8b465ee728b)
Start importing Assets/_Game/Scripts/MapBox/RotationController.cs using Guid(75cb6b4d1703c2c449de94caa0fcfc6b) Importer(815301076,1909f56bfc062723c751e8b465ee728b)  -> (artifact id: '3630f7ab99870cc030f5c66f05cac383') in 0.012511 seconds 
  Import took 0.022724 seconds .

========================================================================
Received Import Request.
  Time since last request: 0.003488 seconds.
  path: Assets/_Game/Scripts/Intro Animations/ShottingStar.cs
  artifactKey: Guid(4e1439437104c474b87ac5b5b0959a1b) Importer(815301076,1909f56bfc062723c751e8b465ee728b)
Start importing Assets/_Game/Scripts/Intro Animations/ShottingStar.cs using Guid(4e1439437104c474b87ac5b5b0959a1b) Importer(815301076,1909f56bfc062723c751e8b465ee728b)  -> (artifact id: '46cc27cc5f3d8e6181953fd57a8e8be2') in 0.002914 seconds 
  Import took 0.021964 seconds .

========================================================================
Received Import Request.
  Time since last request: 0.003080 seconds.
  path: Assets/_Game/Scripts/MapBox/UIZoomImage.cs
  artifactKey: Guid(4511003525451e848a1edc33b9139250) Importer(815301076,1909f56bfc062723c751e8b465ee728b)
Start importing Assets/_Game/Scripts/MapBox/UIZoomImage.cs using Guid(4511003525451e848a1edc33b9139250) Importer(815301076,1909f56bfc062723c751e8b465ee728b)  -> (artifact id: 'b249071a2957e078148590a68a06d85c') in 0.002312 seconds 
  Import took 0.020447 seconds .

========================================================================
Received Import Request.
  Time since last request: 0.014860 seconds.
  path: Assets/_Game/Scripts/Intro Animations/ObjectRotation.cs
  artifactKey: Guid(7b10b0e0fbda9c946a8ed0020dbd2ea1) Importer(815301076,1909f56bfc062723c751e8b465ee728b)
Start importing Assets/_Game/Scripts/Intro Animations/ObjectRotation.cs using Guid(7b10b0e0fbda9c946a8ed0020dbd2ea1) Importer(815301076,1909f56bfc062723c751e8b465ee728b)  -> (artifact id: '1d79946c87f8cf6f78a4639f5eaca0be') in 0.002570 seconds 
  Import took 0.028879 seconds .

========================================================================
Received Import Request.
  Time since last request: 0.004957 seconds.
  path: Assets/_Game/Scripts/MapBox/SceneController.cs
  artifactKey: Guid(34c5bc58d1a5d344db35f6a9c6d6739f) Importer(815301076,1909f56bfc062723c751e8b465ee728b)
Start importing Assets/_Game/Scripts/MapBox/SceneController.cs using Guid(34c5bc58d1a5d344db35f6a9c6d6739f) Importer(815301076,1909f56bfc062723c751e8b465ee728b)  -> (artifact id: '9efe80c41c2186730e221e5f2bebaf9d') in 0.004841 seconds 
  Import took 0.032296 seconds .

========================================================================
Received Import Request.
  Time since last request: 0.003021 seconds.
  path: Assets/_Game/Scripts/Intro Animations/ShottingStarSpawner.cs
  artifactKey: Guid(ca1a47fdba7d17f48a86da6879d18c60) Importer(815301076,1909f56bfc062723c751e8b465ee728b)
Start importing Assets/_Game/Scripts/Intro Animations/ShottingStarSpawner.cs using Guid(ca1a47fdba7d17f48a86da6879d18c60) Importer(815301076,1909f56bfc062723c751e8b465ee728b)  -> (artifact id: 'a7797eeeddf532c82a19ad491cd48164') in 0.002578 seconds 
  Import took 0.028731 seconds .

========================================================================
Received Import Request.
  Time since last request: 0.004426 seconds.
  path: Assets/_Game/Scripts/MapBox/VideoPlayerManager.cs
  artifactKey: Guid(a8d96d0fcc0cab04cbe9100f56c11c07) Importer(815301076,1909f56bfc062723c751e8b465ee728b)
Start importing Assets/_Game/Scripts/MapBox/VideoPlayerManager.cs using Guid(a8d96d0fcc0cab04cbe9100f56c11c07) Importer(815301076,1909f56bfc062723c751e8b465ee728b)  -> (artifact id: 'b83f740a4bc62535d911c6f4139588bd') in 0.002289 seconds 
  Import took 0.032602 seconds .

========================================================================
Received Import Request.
  Time since last request: 0.013842 seconds.
  path: Assets/_Game/Scripts/MapBox/RotateObject.cs
  artifactKey: Guid(e20bd1fcbbf14f24c9efcbae8694c730) Importer(815301076,1909f56bfc062723c751e8b465ee728b)
Start importing Assets/_Game/Scripts/MapBox/RotateObject.cs using Guid(e20bd1fcbbf14f24c9efcbae8694c730) Importer(815301076,1909f56bfc062723c751e8b465ee728b)  -> (artifact id: '877e52489c820907723e2d74cc615487') in 0.003755 seconds 
  Import took 0.042316 seconds .

========================================================================
Received Import Request.
  Time since last request: 0.006848 seconds.
  path: Assets/_Game/Scripts/MainMenuManager.cs
  artifactKey: Guid(7696221f0cbbc764498b26fbbf4228af) Importer(815301076,1909f56bfc062723c751e8b465ee728b)
Start importing Assets/_Game/Scripts/MainMenuManager.cs using Guid(7696221f0cbbc764498b26fbbf4228af) Importer(815301076,1909f56bfc062723c751e8b465ee728b)  -> (artifact id: 'c101c17e6de451652afae177affdad0f') in 0.003580 seconds 
  Import took 0.033099 seconds .

========================================================================
Received Import Request.
  Time since last request: 0.003070 seconds.
  path: Assets/_Game/Scripts/MapBox/Singleton.cs
  artifactKey: Guid(3b85dbf1632ada946a03dd327e7462bc) Importer(815301076,1909f56bfc062723c751e8b465ee728b)
Start importing Assets/_Game/Scripts/MapBox/Singleton.cs using Guid(3b85dbf1632ada946a03dd327e7462bc) Importer(815301076,1909f56bfc062723c751e8b465ee728b)  -> (artifact id: 'c32d6ca4b550aa727dab45bec0cbce0f') in 0.002566 seconds 
  Import took 0.016788 seconds .

========================================================================
Received Prepare
Registering precompiled user dll's ...
Registered in 0.008627 seconds.
Begin MonoManager ReloadAssembly
Native extension for WindowsStandalone target not found
Refreshing native plugins compatible for Editor in 1.33 ms, found 3 plugins.
Preloading 0 native plugins for Editor in 0.00 ms.
Mono: successfully reloaded assembly
- Completed reload, in  1.351 seconds
Domain Reload Profiling:
	ReloadAssembly (1351ms)
		BeginReloadAssembly (154ms)
			ExecutionOrderSort (0ms)
			DisableScriptedObjects (8ms)
			BackupInstance (0ms)
			ReleaseScriptingObjects (0ms)
			CreateAndSetChildDomain (45ms)
		EndReloadAssembly (1144ms)
			LoadAssemblies (128ms)
			RebuildTransferFunctionScriptingTraits (0ms)
			SetupTypeCache (402ms)
			ReleaseScriptCaches (2ms)
			RebuildScriptCaches (69ms)
			SetupLoadedEditorAssemblies (421ms)
				LogAssemblyErrors (0ms)
				InitializePlatformSupportModulesInManaged (3ms)
				SetLoadedEditorAssemblies (0ms)
				RefreshPlugins (1ms)
				BeforeProcessingInitializeOnLoad (93ms)
				ProcessInitializeOnLoadAttributes (314ms)
				ProcessInitializeOnLoadMethodAttributes (6ms)
				AfterProcessingInitializeOnLoad (2ms)
				EditorAssembliesLoaded (0ms)
			ExecutionOrderSort2 (0ms)
			AwakeInstancesAfterBackupRestoration (15ms)
Platform modules already initialized, skipping
Switching build target platform(19) subTarget(0) extendedPlatform(0) -> platform(13) subTarget(524288) extendedPlatform(0)
Shader 'Universal Render Pipeline/Particles/Lit': fallback shader 'Universal Render Pipeline/Particles/SimpleLit' not found
Refreshing native plugins compatible for Editor in 1.26 ms, found 3 plugins.
Preloading 0 native plugins for Editor in 0.00 ms.
Unloading 4529 Unused Serialized files (Serialized files now loaded: 0)
System memory in use before: 184.8 MB.
System memory in use after: 185.0 MB.

Unloading 57 unused Assets to reduce memory usage. Loaded Objects now: 5129.
Total: 6.287800 ms (FindLiveObjects: 0.381100 ms CreateObjectMapping: 0.221000 ms MarkObjects: 5.619800 ms  DeleteObjects: 0.064100 ms)

AssetImportParameters requested are different than current active one (requested -> active):
  custom:framework-win-MediaFoundation: 216162199b28c13a410421893ffa2e32 -> 
  custom:video-decoder-ogg-theora: a1e56fd34408186e4bbccfd4996cb3dc -> 
  custom:container-muxer-webm: aa71ff27fc2769a1b78a27578f13a17b -> 
  custom:container-demuxer-webm: 4f35f7cbe854078d1ac9338744f61a02 -> 
  custom:container-demuxer-ogg: 62fdf1f143b41e24485cea50d1cbac27 -> 
  custom:video-encoder-webm-vp8: eb34c28f22e8b96e1ab97ce403110664 -> 
  custom:video-decoder-webm-vp8: 9c59270c3fd7afecdb556c50c9e8de78 -> 
  custom:graphics/normal-map-encoding: 01000000000000000000000000000000 -> 02000000000000000000000000000000
  custom:audio-decoder-ogg-vorbis: bf7c407c2cedff20999df2af8eb42d56 -> 
  custom:audio-encoder-webm-vorbis: bf7c407c2cedff20999df2af8eb42d56 -> 
========================================================================
Received Prepare
Registering precompiled user dll's ...
Registered in 0.008752 seconds.
Begin MonoManager ReloadAssembly
Native extension for WindowsStandalone target not found
Refreshing native plugins compatible for Editor in 1.38 ms, found 3 plugins.
Preloading 0 native plugins for Editor in 0.00 ms.
Mono: successfully reloaded assembly
- Completed reload, in  1.279 seconds
Domain Reload Profiling:
	ReloadAssembly (1279ms)
		BeginReloadAssembly (144ms)
			ExecutionOrderSort (0ms)
			DisableScriptedObjects (5ms)
			BackupInstance (0ms)
			ReleaseScriptingObjects (0ms)
			CreateAndSetChildDomain (41ms)
		EndReloadAssembly (1082ms)
			LoadAssemblies (122ms)
			RebuildTransferFunctionScriptingTraits (0ms)
			SetupTypeCache (358ms)
			ReleaseScriptCaches (2ms)
			RebuildScriptCaches (69ms)
			SetupLoadedEditorAssemblies (410ms)
				LogAssemblyErrors (0ms)
				InitializePlatformSupportModulesInManaged (4ms)
				SetLoadedEditorAssemblies (0ms)
				RefreshPlugins (1ms)
				BeforeProcessingInitializeOnLoad (93ms)
				ProcessInitializeOnLoadAttributes (303ms)
				ProcessInitializeOnLoadMethodAttributes (5ms)
				AfterProcessingInitializeOnLoad (2ms)
				EditorAssembliesLoaded (0ms)
			ExecutionOrderSort2 (0ms)
			AwakeInstancesAfterBackupRestoration (15ms)
Platform modules already initialized, skipping
Switching build target platform(19) subTarget(0) extendedPlatform(0) -> platform(13) subTarget(524288) extendedPlatform(0)
Shader 'Universal Render Pipeline/Particles/Lit': fallback shader 'Universal Render Pipeline/Particles/SimpleLit' not found
Refreshing native plugins compatible for Editor in 1.26 ms, found 3 plugins.
Preloading 0 native plugins for Editor in 0.00 ms.
Unloading 4529 Unused Serialized files (Serialized files now loaded: 0)
System memory in use before: 184.8 MB.
System memory in use after: 185.1 MB.

Unloading 57 unused Assets to reduce memory usage. Loaded Objects now: 5132.
Total: 5.962500 ms (FindLiveObjects: 0.392300 ms CreateObjectMapping: 0.248600 ms MarkObjects: 5.252300 ms  DeleteObjects: 0.067800 ms)

AssetImportParameters requested are different than current active one (requested -> active):
  custom:framework-win-MediaFoundation: 216162199b28c13a410421893ffa2e32 -> 
  custom:video-decoder-ogg-theora: a1e56fd34408186e4bbccfd4996cb3dc -> 
  custom:container-muxer-webm: aa71ff27fc2769a1b78a27578f13a17b -> 
  custom:container-demuxer-webm: 4f35f7cbe854078d1ac9338744f61a02 -> 
  custom:container-demuxer-ogg: 62fdf1f143b41e24485cea50d1cbac27 -> 
  custom:video-encoder-webm-vp8: eb34c28f22e8b96e1ab97ce403110664 -> 
  custom:video-decoder-webm-vp8: 9c59270c3fd7afecdb556c50c9e8de78 -> 
  custom:graphics/normal-map-encoding: 01000000000000000000000000000000 -> 02000000000000000000000000000000
  custom:audio-decoder-ogg-vorbis: bf7c407c2cedff20999df2af8eb42d56 -> 
  custom:audio-encoder-webm-vorbis: bf7c407c2cedff20999df2af8eb42d56 -> 
========================================================================
Received Prepare
Registering precompiled user dll's ...
Registered in 0.008840 seconds.
Begin MonoManager ReloadAssembly
Native extension for WindowsStandalone target not found
Refreshing native plugins compatible for Editor in 1.24 ms, found 3 plugins.
Preloading 0 native plugins for Editor in 0.00 ms.
Mono: successfully reloaded assembly
- Completed reload, in  1.282 seconds
Domain Reload Profiling:
	ReloadAssembly (1283ms)
		BeginReloadAssembly (129ms)
			ExecutionOrderSort (0ms)
			DisableScriptedObjects (5ms)
			BackupInstance (0ms)
			ReleaseScriptingObjects (0ms)
			CreateAndSetChildDomain (41ms)
		EndReloadAssembly (1099ms)
			LoadAssemblies (132ms)
			RebuildTransferFunctionScriptingTraits (0ms)
			SetupTypeCache (363ms)
			ReleaseScriptCaches (2ms)
			RebuildScriptCaches (71ms)
			SetupLoadedEditorAssemblies (407ms)
				LogAssemblyErrors (0ms)
				InitializePlatformSupportModulesInManaged (4ms)
				SetLoadedEditorAssemblies (0ms)
				RefreshPlugins (1ms)
				BeforeProcessingInitializeOnLoad (92ms)
				ProcessInitializeOnLoadAttributes (302ms)
				ProcessInitializeOnLoadMethodAttributes (5ms)
				AfterProcessingInitializeOnLoad (2ms)
				EditorAssembliesLoaded (0ms)
			ExecutionOrderSort2 (0ms)
			AwakeInstancesAfterBackupRestoration (14ms)
Platform modules already initialized, skipping
Switching build target platform(19) subTarget(0) extendedPlatform(0) -> platform(13) subTarget(524288) extendedPlatform(0)
Shader 'Universal Render Pipeline/Particles/Lit': fallback shader 'Universal Render Pipeline/Particles/SimpleLit' not found
Refreshing native plugins compatible for Editor in 1.29 ms, found 3 plugins.
Preloading 0 native plugins for Editor in 0.00 ms.
Unloading 4529 Unused Serialized files (Serialized files now loaded: 0)
System memory in use before: 184.9 MB.
System memory in use after: 185.1 MB.

Unloading 57 unused Assets to reduce memory usage. Loaded Objects now: 5135.
Total: 5.982800 ms (FindLiveObjects: 0.382500 ms CreateObjectMapping: 0.218700 ms MarkObjects: 5.324100 ms  DeleteObjects: 0.055800 ms)

AssetImportParameters requested are different than current active one (requested -> active):
  custom:framework-win-MediaFoundation: 216162199b28c13a410421893ffa2e32 -> 
  custom:video-decoder-ogg-theora: a1e56fd34408186e4bbccfd4996cb3dc -> 
  custom:container-muxer-webm: aa71ff27fc2769a1b78a27578f13a17b -> 
  custom:container-demuxer-webm: 4f35f7cbe854078d1ac9338744f61a02 -> 
  custom:container-demuxer-ogg: 62fdf1f143b41e24485cea50d1cbac27 -> 
  custom:video-encoder-webm-vp8: eb34c28f22e8b96e1ab97ce403110664 -> 
  custom:video-decoder-webm-vp8: 9c59270c3fd7afecdb556c50c9e8de78 -> 
  custom:graphics/normal-map-encoding: 01000000000000000000000000000000 -> 02000000000000000000000000000000
  custom:audio-decoder-ogg-vorbis: bf7c407c2cedff20999df2af8eb42d56 -> 
  custom:audio-encoder-webm-vorbis: bf7c407c2cedff20999df2af8eb42d56 -> 
========================================================================
Received Import Request.
  Time since last request: 760.533206 seconds.
  path: Assets/XR/Loaders/AR Core Loader.asset
  artifactKey: Guid(47420d5eb4a389a428824c288f9772df) Importer(815301076,1909f56bfc062723c751e8b465ee728b)
Start importing Assets/XR/Loaders/AR Core Loader.asset using Guid(47420d5eb4a389a428824c288f9772df) Importer(815301076,1909f56bfc062723c751e8b465ee728b)  -> (artifact id: '00fe3c088ce4214b5fc74cf0ee2c37bc') in 0.022536 seconds 
  Import took 0.066051 seconds .

========================================================================
Received Import Request.
  Time since last request: 0.000363 seconds.
  path: Assets/UMA/Examples/DynamicCharacterSystem Examples/Assets/GUI/Prefabs/AssetBundleLoadingIndicator.prefab
  artifactKey: Guid(e4c9215b3e1d0b841900ba25c3907b6b) Importer(815301076,1909f56bfc062723c751e8b465ee728b)
Start importing Assets/UMA/Examples/DynamicCharacterSystem Examples/Assets/GUI/Prefabs/AssetBundleLoadingIndicator.prefab using Guid(e4c9215b3e1d0b841900ba25c3907b6b) Importer(815301076,1909f56bfc062723c751e8b465ee728b)  -> (artifact id: '5b28830c307555e58e9bee5cacdb35b7') in 0.039978 seconds 
  Import took 0.129380 seconds .

========================================================================
Received Import Request.
  Time since last request: 0.000880 seconds.
  path: Assets/Mapbox/Textures/loadinggrid.png
  artifactKey: Guid(e2896a92727704803a9c422b043eae89) Importer(815301076,1909f56bfc062723c751e8b465ee728b)
Start importing Assets/Mapbox/Textures/loadinggrid.png using Guid(e2896a92727704803a9c422b043eae89) Importer(815301076,1909f56bfc062723c751e8b465ee728b)  -> (artifact id: '55432d11c6347dc8d9abe240ed21aa09') in 0.064819 seconds 
  Import took 0.157781 seconds .

========================================================================
Received Import Request.
  Time since last request: 0.000805 seconds.
  path: Assets/UMA/Examples/DynamicCharacterSystem Examples/Assets/GUI/Prefabs/PreloadIndicator.prefab
  artifactKey: Guid(966e390315f1e5a4da780ec7907c3176) Importer(815301076,1909f56bfc062723c751e8b465ee728b)
Start importing Assets/UMA/Examples/DynamicCharacterSystem Examples/Assets/GUI/Prefabs/PreloadIndicator.prefab using Guid(966e390315f1e5a4da780ec7907c3176) Importer(815301076,1909f56bfc062723c751e8b465ee728b)  -> (artifact id: '5e5c0390973e08d6cca051495395e432') in 0.012601 seconds 
  Import took 0.083723 seconds .

========================================================================
Received Import Request.
  Time since last request: 0.000350 seconds.
  path: Assets/UMA/Core/Extensions/DynamicCharacterSystem/UMAAssetBundleManager/GUI/Prefabs/AssetBundleLoadingIndicatorUI.prefab
  artifactKey: Guid(d9fbadc5c0f2b7f4f92f31b6db13be90) Importer(815301076,1909f56bfc062723c751e8b465ee728b)
Start importing Assets/UMA/Core/Extensions/DynamicCharacterSystem/UMAAssetBundleManager/GUI/Prefabs/AssetBundleLoadingIndicatorUI.prefab using Guid(d9fbadc5c0f2b7f4f92f31b6db13be90) Importer(815301076,1909f56bfc062723c751e8b465ee728b)  -> (artifact id: 'e778dca9845ead49a6ce4f5381077590') in 0.008909 seconds 
  Import took 0.038092 seconds .

========================================================================
Received Import Request.
  Time since last request: 0.000349 seconds.
  path: Assets/UMA/Examples/DynamicCharacterSystem Examples/Assets/GUI/Prefabs/LoadableItem.prefab
  artifactKey: Guid(b7e9525ec426d594db712133ed87e83b) Importer(815301076,1909f56bfc062723c751e8b465ee728b)
Start importing Assets/UMA/Examples/DynamicCharacterSystem Examples/Assets/GUI/Prefabs/LoadableItem.prefab using Guid(b7e9525ec426d594db712133ed87e83b) Importer(815301076,1909f56bfc062723c751e8b465ee728b)  -> (artifact id: '382ae7f01d5bdf861d6987b5a48c364d') in 0.011639 seconds 
  Import took 0.050241 seconds .

========================================================================
Received Import Request.
  Time since last request: 0.000327 seconds.
  path: Assets/Mapbox/Examples/Prefabs/LoadingScreenCanvas.prefab
  artifactKey: Guid(b95c449128f3b44bca8b83258c669aa5) Importer(815301076,1909f56bfc062723c751e8b465ee728b)
Start importing Assets/Mapbox/Examples/Prefabs/LoadingScreenCanvas.prefab using Guid(b95c449128f3b44bca8b83258c669aa5) Importer(815301076,1909f56bfc062723c751e8b465ee728b)  -> (artifact id: '450503fd71d3265dc4141dcea0c64d1a') in 0.007571 seconds 
  Import took 0.078693 seconds .

========================================================================
Received Import Request.
  Time since last request: 0.000416 seconds.
  path: Assets/Mapbox/Examples/Prefabs/ReloadMapIconicBuildingCanvas.prefab
  artifactKey: Guid(aaa51caf037dd4424bab8d45ef3be316) Importer(815301076,1909f56bfc062723c751e8b465ee728b)
Start importing Assets/Mapbox/Examples/Prefabs/ReloadMapIconicBuildingCanvas.prefab using Guid(aaa51caf037dd4424bab8d45ef3be316) Importer(815301076,1909f56bfc062723c751e8b465ee728b)  -> (artifact id: '1633bef1f83d7cf3efeedbaed90575d4') in 0.011500 seconds 
  Import took 0.037185 seconds .

========================================================================
Received Import Request.
  Time since last request: 0.000275 seconds.
  path: Assets/Mapbox/Examples/Prefabs/ReloadMapCanvas.prefab
  artifactKey: Guid(00f5bf1ff996842fc82384f8f686fda6) Importer(815301076,1909f56bfc062723c751e8b465ee728b)
Start importing Assets/Mapbox/Examples/Prefabs/ReloadMapCanvas.prefab using Guid(00f5bf1ff996842fc82384f8f686fda6) Importer(815301076,1909f56bfc062723c751e8b465ee728b)  -> (artifact id: 'f802920288f925cc961c439da213b64b') in 0.016397 seconds 
  Import took 0.040052 seconds .

========================================================================
Received Import Request.
  Time since last request: 0.000307 seconds.
  path: Assets/Mapbox/Materials/LoadingMaterial.mat
  artifactKey: Guid(e486fb1a0b4233944af95fee011a22e0) Importer(815301076,1909f56bfc062723c751e8b465ee728b)
Start importing Assets/Mapbox/Materials/LoadingMaterial.mat using Guid(e486fb1a0b4233944af95fee011a22e0) Importer(815301076,1909f56bfc062723c751e8b465ee728b)  -> (artifact id: '8f9ee8eaad81536ce5fffcc64829e6bd') in 0.230469 seconds 
  Import took 0.255438 seconds .

========================================================================
Received Import Request.
  Time since last request: 2.982854 seconds.
  path: Assets/Mapbox/Examples/Scripts/LoadingPanelController.cs
  artifactKey: Guid(81f500634e518f74bbba30a8e7d186bd) Importer(815301076,1909f56bfc062723c751e8b465ee728b)
Start importing Assets/Mapbox/Examples/Scripts/LoadingPanelController.cs using Guid(81f500634e518f74bbba30a8e7d186bd) Importer(815301076,1909f56bfc062723c751e8b465ee728b)  -> (artifact id: 'cf77d63b9eb726218b3860af68c3c19d') in 0.003002 seconds 
  Import took 0.039151 seconds .

AssetImportWorkerClient::OnTransportError - code=2 error=End of file
