Using pre-set license
Built from '2020.3/staging' branch; Version is '2020.3.16f1 (049d6eca3c44) revision 302446'; Using compiler version '192528614'; Build Type 'Release'
OS: 'Windows 10 Pro; OS build 19043.1288; Version 2009; 64bit' Language: 'en' Physical Memory: 16317 MB
BatchMode: 1, IsHumanControllingUs: 0, StartBugReporterOnCrash: 0, Is64bit: 1, IsPro: 0

 COMMAND LINE ARGUMENTS:
E:\Installed\unity_2020_3_16\Editor\Unity.exe
-adb2
-batchMode
-noUpm
-name
AssetImportWorker0
-projectPath
F:/Unity/AR/NextGenSoftUk/Our-world-new-project/Our-World-Smartphone-Prototype-AR
-logFile
Logs/AssetImportWorker0.log
-srvPort
54463
Successfully changed project path to: F:/Unity/AR/NextGenSoftUk/Our-world-new-project/Our-World-Smartphone-Prototype-AR
F:/Unity/AR/NextGenSoftUk/Our-world-new-project/Our-World-Smartphone-Prototype-AR
Using Asset Import Pipeline V2.
Refreshing native plugins compatible for Editor in 151.35 ms, found 12 plugins.
Preloading 0 native plugins for Editor in 0.00 ms.
Initialize engine version: 2020.3.16f1 (049d6eca3c44)
[Subsystems] Discovering subsystems at path E:/Installed/unity_2020_3_16/Editor/Data/Resources/UnitySubsystems
[Subsystems] Discovering subsystems at path F:/Unity/AR/NextGenSoftUk/Our-world-new-project/Our-World-Smartphone-Prototype-AR/Assets
GfxDevice: creating device client; threaded=0
Direct3D:
    Version:  Direct3D 11.0 [level 11.1]
    Renderer: NVIDIA GeForce GTX 1650 (ID=0x1f82)
    Vendor:   
    VRAM:     3962 MB
    Driver:   27.21.14.5671
Shader 'Universal Render Pipeline/Particles/Lit': fallback shader 'Universal Render Pipeline/Particles/SimpleLit' not found
Initialize mono
Mono path[0] = 'E:/Installed/unity_2020_3_16/Editor/Data/Managed'
Mono path[1] = 'E:/Installed/unity_2020_3_16/Editor/Data/MonoBleedingEdge/lib/mono/unityjit'
Mono config path = 'E:/Installed/unity_2020_3_16/Editor/Data/MonoBleedingEdge/etc'
Using monoOptions --debugger-agent=transport=dt_socket,embedding=1,server=y,suspend=n,address=127.0.0.1:56664
Begin MonoManager ReloadAssembly
Registering precompiled unity dll's ...
Register platform support module: E:/Installed/unity_2020_3_16/Editor/Data/PlaybackEngines/WindowsStandaloneSupport/UnityEditor.WindowsStandalone.Extensions.dll
Registered in 0.001276 seconds.
Native extension for WindowsStandalone target not found
Refreshing native plugins compatible for Editor in 120.93 ms, found 12 plugins.
Preloading 0 native plugins for Editor in 0.00 ms.
Mono: successfully reloaded assembly
- Completed reload, in  1.350 seconds
Domain Reload Profiling:
	ReloadAssembly (1350ms)
		BeginReloadAssembly (77ms)
			ExecutionOrderSort (0ms)
			DisableScriptedObjects (0ms)
			BackupInstance (0ms)
			ReleaseScriptingObjects (0ms)
			CreateAndSetChildDomain (1ms)
		EndReloadAssembly (487ms)
			LoadAssemblies (77ms)
			RebuildTransferFunctionScriptingTraits (0ms)
			SetupTypeCache (148ms)
			ReleaseScriptCaches (0ms)
			RebuildScriptCaches (30ms)
			SetupLoadedEditorAssemblies (239ms)
				LogAssemblyErrors (0ms)
				InitializePlatformSupportModulesInManaged (4ms)
				SetLoadedEditorAssemblies (0ms)
				RefreshPlugins (121ms)
				BeforeProcessingInitializeOnLoad (15ms)
				ProcessInitializeOnLoadAttributes (72ms)
				ProcessInitializeOnLoadMethodAttributes (26ms)
				AfterProcessingInitializeOnLoad (0ms)
				EditorAssembliesLoaded (0ms)
			ExecutionOrderSort2 (0ms)
			AwakeInstancesAfterBackupRestoration (0ms)
Platform modules already initialized, skipping
Registering precompiled user dll's ...
Registered in 0.010788 seconds.
Begin MonoManager ReloadAssembly
Native extension for WindowsStandalone target not found
Refreshing native plugins compatible for Editor in 124.44 ms, found 12 plugins.
Preloading 0 native plugins for Editor in 0.00 ms.
Mono: successfully reloaded assembly
- Completed reload, in  1.596 seconds
Domain Reload Profiling:
	ReloadAssembly (1597ms)
		BeginReloadAssembly (158ms)
			ExecutionOrderSort (0ms)
			DisableScriptedObjects (4ms)
			BackupInstance (0ms)
			ReleaseScriptingObjects (0ms)
			CreateAndSetChildDomain (18ms)
		EndReloadAssembly (1386ms)
			LoadAssemblies (145ms)
			RebuildTransferFunctionScriptingTraits (0ms)
			SetupTypeCache (443ms)
			ReleaseScriptCaches (1ms)
			RebuildScriptCaches (102ms)
			SetupLoadedEditorAssemblies (560ms)
				LogAssemblyErrors (0ms)
				InitializePlatformSupportModulesInManaged (3ms)
				SetLoadedEditorAssemblies (0ms)
				RefreshPlugins (125ms)
				BeforeProcessingInitializeOnLoad (109ms)
				ProcessInitializeOnLoadAttributes (309ms)
				ProcessInitializeOnLoadMethodAttributes (12ms)
				AfterProcessingInitializeOnLoad (2ms)
				EditorAssembliesLoaded (0ms)
			ExecutionOrderSort2 (0ms)
			AwakeInstancesAfterBackupRestoration (7ms)
Platform modules already initialized, skipping
========================================================================
Worker process is ready to serve import requests
Shader 'Universal Render Pipeline/Particles/Lit': fallback shader 'Universal Render Pipeline/Particles/SimpleLit' not found
Launched and connected shader compiler UnityShaderCompiler.exe after 0.10 seconds
Refreshing native plugins compatible for Editor in 1.58 ms, found 12 plugins.
Preloading 0 native plugins for Editor in 0.00 ms.
Unloading 5541 Unused Serialized files (Serialized files now loaded: 0)
System memory in use before: 228.5 MB.
System memory in use after: 228.9 MB.

Unloading 84 unused Assets to reduce memory usage. Loaded Objects now: 5923.
Total: 5.427200 ms (FindLiveObjects: 0.530600 ms CreateObjectMapping: 0.360800 ms MarkObjects: 4.413900 ms  DeleteObjects: 0.120700 ms)

AssetImportParameters requested are different than current active one (requested -> active):
  custom:framework-win-MediaFoundation: 216162199b28c13a410421893ffa2e32 -> 
  custom:video-decoder-ogg-theora: a1e56fd34408186e4bbccfd4996cb3dc -> 
  custom:container-muxer-webm: aa71ff27fc2769a1b78a27578f13a17b -> 
  custom:container-demuxer-webm: 4f35f7cbe854078d1ac9338744f61a02 -> 
  custom:container-demuxer-ogg: 62fdf1f143b41e24485cea50d1cbac27 -> 
  custom:video-encoder-webm-vp8: eb34c28f22e8b96e1ab97ce403110664 -> 
  custom:video-decoder-webm-vp8: 9c59270c3fd7afecdb556c50c9e8de78 -> 
  custom:audio-decoder-ogg-vorbis: bf7c407c2cedff20999df2af8eb42d56 -> 
  custom:audio-encoder-webm-vorbis: bf7c407c2cedff20999df2af8eb42d56 -> 
========================================================================
Received Import Request.
  path: Assets/_Game/Scenes/Map.unity
  artifactKey: Guid(2c7147d54825142878b256c67aae5704) Importer(815301076,1909f56bfc062723c751e8b465ee728b)
Start importing Assets/_Game/Scenes/Map.unity using Guid(2c7147d54825142878b256c67aae5704) Importer(815301076,1909f56bfc062723c751e8b465ee728b)  -> (artifact id: '9deb392109838808ba7183cc638de160') in 0.015936 seconds 
  Import took 0.024075 seconds .

========================================================================
Received Prepare
Registering precompiled user dll's ...
Registered in 0.125292 seconds.
Begin MonoManager ReloadAssembly
Native extension for WindowsStandalone target not found
Refreshing native plugins compatible for Editor in 1.77 ms, found 12 plugins.
Preloading 0 native plugins for Editor in 0.00 ms.
Mono: successfully reloaded assembly
- Completed reload, in  2.104 seconds
Domain Reload Profiling:
	ReloadAssembly (2105ms)
		BeginReloadAssembly (238ms)
			ExecutionOrderSort (0ms)
			DisableScriptedObjects (4ms)
			BackupInstance (0ms)
			ReleaseScriptingObjects (0ms)
			CreateAndSetChildDomain (50ms)
		EndReloadAssembly (1802ms)
			LoadAssemblies (435ms)
			RebuildTransferFunctionScriptingTraits (0ms)
			SetupTypeCache (596ms)
			ReleaseScriptCaches (2ms)
			RebuildScriptCaches (98ms)
			SetupLoadedEditorAssemblies (585ms)
				LogAssemblyErrors (0ms)
				InitializePlatformSupportModulesInManaged (6ms)
				SetLoadedEditorAssemblies (0ms)
				RefreshPlugins (2ms)
				BeforeProcessingInitializeOnLoad (138ms)
				ProcessInitializeOnLoadAttributes (421ms)
				ProcessInitializeOnLoadMethodAttributes (13ms)
				AfterProcessingInitializeOnLoad (4ms)
				EditorAssembliesLoaded (0ms)
			ExecutionOrderSort2 (0ms)
			AwakeInstancesAfterBackupRestoration (18ms)
Platform modules already initialized, skipping
Switching build target platform(19) subTarget(0) extendedPlatform(0) -> platform(13) subTarget(524288) extendedPlatform(0)
Shader 'Universal Render Pipeline/Particles/Lit': fallback shader 'Universal Render Pipeline/Particles/SimpleLit' not found
Refreshing native plugins compatible for Editor in 2.03 ms, found 12 plugins.
Preloading 0 native plugins for Editor in 0.00 ms.
Unloading 5385 Unused Serialized files (Serialized files now loaded: 0)
System memory in use before: 214.2 MB.
System memory in use after: 214.6 MB.

Unloading 79 unused Assets to reduce memory usage. Loaded Objects now: 5926.
Total: 7.246800 ms (FindLiveObjects: 0.556900 ms CreateObjectMapping: 0.517800 ms MarkObjects: 6.058600 ms  DeleteObjects: 0.111600 ms)

AssetImportParameters requested are different than current active one (requested -> active):
  custom:framework-win-MediaFoundation: 216162199b28c13a410421893ffa2e32 -> 
  custom:video-decoder-ogg-theora: a1e56fd34408186e4bbccfd4996cb3dc -> 
  custom:container-muxer-webm: aa71ff27fc2769a1b78a27578f13a17b -> 
  custom:container-demuxer-webm: 4f35f7cbe854078d1ac9338744f61a02 -> 
  custom:container-demuxer-ogg: 62fdf1f143b41e24485cea50d1cbac27 -> 
  custom:video-encoder-webm-vp8: eb34c28f22e8b96e1ab97ce403110664 -> 
  custom:video-decoder-webm-vp8: 9c59270c3fd7afecdb556c50c9e8de78 -> 
  custom:graphics/normal-map-encoding: 01000000000000000000000000000000 -> 02000000000000000000000000000000
  custom:audio-decoder-ogg-vorbis: bf7c407c2cedff20999df2af8eb42d56 -> 
  custom:audio-encoder-webm-vorbis: bf7c407c2cedff20999df2af8eb42d56 -> 
========================================================================
Received Prepare
Shader 'Universal Render Pipeline/Particles/Lit': fallback shader 'Universal Render Pipeline/Particles/SimpleLit' not found
Refreshing native plugins compatible for Editor in 16.44 ms, found 12 plugins.
Preloading 0 native plugins for Editor in 0.00 ms.
Unloading 76 Unused Serialized files (Serialized files now loaded: 0)
System memory in use before: 107.7 MB.
System memory in use after: 108.2 MB.

Unloading 76 unused Assets to reduce memory usage. Loaded Objects now: 5926.
Total: 5.642100 ms (FindLiveObjects: 0.496600 ms CreateObjectMapping: 0.334100 ms MarkObjects: 4.749000 ms  DeleteObjects: 0.061100 ms)

AssetImportParameters requested are different than current active one (requested -> active):
  custom:framework-win-MediaFoundation: 216162199b28c13a410421893ffa2e32 -> 
  custom:video-decoder-ogg-theora: a1e56fd34408186e4bbccfd4996cb3dc -> 
  custom:container-muxer-webm: aa71ff27fc2769a1b78a27578f13a17b -> 
  custom:container-demuxer-webm: 4f35f7cbe854078d1ac9338744f61a02 -> 
  custom:container-demuxer-ogg: 62fdf1f143b41e24485cea50d1cbac27 -> 
  custom:video-encoder-webm-vp8: eb34c28f22e8b96e1ab97ce403110664 -> 
  custom:video-decoder-webm-vp8: 9c59270c3fd7afecdb556c50c9e8de78 -> 
  custom:audio-decoder-ogg-vorbis: bf7c407c2cedff20999df2af8eb42d56 -> 
  custom:audio-encoder-webm-vorbis: bf7c407c2cedff20999df2af8eb42d56 -> 
========================================================================
Received Prepare
Shader 'Universal Render Pipeline/Particles/Lit': fallback shader 'Universal Render Pipeline/Particles/SimpleLit' not found
Refreshing native plugins compatible for Editor in 31.94 ms, found 12 plugins.
Preloading 0 native plugins for Editor in 0.00 ms.
Unloading 76 Unused Serialized files (Serialized files now loaded: 0)
System memory in use before: 107.7 MB.
System memory in use after: 108.2 MB.

Unloading 76 unused Assets to reduce memory usage. Loaded Objects now: 5926.
Total: 13.337700 ms (FindLiveObjects: 2.186500 ms CreateObjectMapping: 0.905100 ms MarkObjects: 10.182400 ms  DeleteObjects: 0.061800 ms)

AssetImportParameters requested are different than current active one (requested -> active):
  custom:framework-win-MediaFoundation: 216162199b28c13a410421893ffa2e32 -> 
  custom:video-decoder-ogg-theora: a1e56fd34408186e4bbccfd4996cb3dc -> 
  custom:container-muxer-webm: aa71ff27fc2769a1b78a27578f13a17b -> 
  custom:container-demuxer-webm: 4f35f7cbe854078d1ac9338744f61a02 -> 
  custom:container-demuxer-ogg: 62fdf1f143b41e24485cea50d1cbac27 -> 
  custom:video-encoder-webm-vp8: eb34c28f22e8b96e1ab97ce403110664 -> 
  custom:video-decoder-webm-vp8: 9c59270c3fd7afecdb556c50c9e8de78 -> 
  custom:audio-decoder-ogg-vorbis: bf7c407c2cedff20999df2af8eb42d56 -> 
  custom:audio-encoder-webm-vorbis: bf7c407c2cedff20999df2af8eb42d56 -> 
========================================================================
Received Prepare
Registering precompiled user dll's ...
Registered in 0.011647 seconds.
Begin MonoManager ReloadAssembly
Native extension for WindowsStandalone target not found
Refreshing native plugins compatible for Editor in 1.57 ms, found 12 plugins.
Preloading 0 native plugins for Editor in 0.00 ms.
Mono: successfully reloaded assembly
- Completed reload, in  2.973 seconds
Domain Reload Profiling:
	ReloadAssembly (2974ms)
		BeginReloadAssembly (142ms)
			ExecutionOrderSort (0ms)
			DisableScriptedObjects (4ms)
			BackupInstance (0ms)
			ReleaseScriptingObjects (0ms)
			CreateAndSetChildDomain (44ms)
		EndReloadAssembly (2779ms)
			LoadAssemblies (122ms)
			RebuildTransferFunctionScriptingTraits (0ms)
			SetupTypeCache (1362ms)
			ReleaseScriptCaches (2ms)
			RebuildScriptCaches (71ms)
			SetupLoadedEditorAssemblies (444ms)
				LogAssemblyErrors (0ms)
				InitializePlatformSupportModulesInManaged (4ms)
				SetLoadedEditorAssemblies (0ms)
				RefreshPlugins (2ms)
				BeforeProcessingInitializeOnLoad (100ms)
				ProcessInitializeOnLoadAttributes (324ms)
				ProcessInitializeOnLoadMethodAttributes (12ms)
				AfterProcessingInitializeOnLoad (3ms)
				EditorAssembliesLoaded (0ms)
			ExecutionOrderSort2 (0ms)
			AwakeInstancesAfterBackupRestoration (9ms)
Platform modules already initialized, skipping
Switching build target platform(19) subTarget(0) extendedPlatform(0) -> platform(13) subTarget(524288) extendedPlatform(0)
Shader 'Universal Render Pipeline/Particles/Lit': fallback shader 'Universal Render Pipeline/Particles/SimpleLit' not found
Refreshing native plugins compatible for Editor in 1.55 ms, found 12 plugins.
Preloading 0 native plugins for Editor in 0.00 ms.
Unloading 5385 Unused Serialized files (Serialized files now loaded: 0)
System memory in use before: 214.2 MB.
System memory in use after: 214.7 MB.

Unloading 79 unused Assets to reduce memory usage. Loaded Objects now: 5929.
Total: 5.813000 ms (FindLiveObjects: 0.505200 ms CreateObjectMapping: 0.338000 ms MarkObjects: 4.903300 ms  DeleteObjects: 0.064200 ms)

AssetImportParameters requested are different than current active one (requested -> active):
  custom:framework-win-MediaFoundation: 216162199b28c13a410421893ffa2e32 -> 
  custom:video-decoder-ogg-theora: a1e56fd34408186e4bbccfd4996cb3dc -> 
  custom:container-muxer-webm: aa71ff27fc2769a1b78a27578f13a17b -> 
  custom:container-demuxer-webm: 4f35f7cbe854078d1ac9338744f61a02 -> 
  custom:container-demuxer-ogg: 62fdf1f143b41e24485cea50d1cbac27 -> 
  custom:video-encoder-webm-vp8: eb34c28f22e8b96e1ab97ce403110664 -> 
  custom:video-decoder-webm-vp8: 9c59270c3fd7afecdb556c50c9e8de78 -> 
  custom:graphics/normal-map-encoding: 01000000000000000000000000000000 -> 02000000000000000000000000000000
  custom:audio-decoder-ogg-vorbis: bf7c407c2cedff20999df2af8eb42d56 -> 
  custom:audio-encoder-webm-vorbis: bf7c407c2cedff20999df2af8eb42d56 -> 
========================================================================
Received Import Request.
  Time since last request: 937.989771 seconds.
  path: Assets/MapboxAR/Textures/location.png
  artifactKey: Guid(e6815c2eee0f94c98989f8461d8e33d4) Importer(815301076,1909f56bfc062723c751e8b465ee728b)
Start importing Assets/MapboxAR/Textures/location.png using Guid(e6815c2eee0f94c98989f8461d8e33d4) Importer(815301076,1909f56bfc062723c751e8b465ee728b)  -> (artifact id: '50c73a3b5af030f67a6b29a034235035') in 0.214874 seconds 
  Import took 0.224432 seconds .

========================================================================
Received Import Request.
  Time since last request: 0.000290 seconds.
  path: Assets/MapboxAR/Prefabs/LocationProvider.prefab
  artifactKey: Guid(03d17e9032b344a76b095c71601c070b) Importer(815301076,1909f56bfc062723c751e8b465ee728b)
Start importing Assets/MapboxAR/Prefabs/LocationProvider.prefab using Guid(03d17e9032b344a76b095c71601c070b) Importer(815301076,1909f56bfc062723c751e8b465ee728b)  -> (artifact id: '24502abc9b10e6b5415945332c6ca641') in 0.018708 seconds 
  Import took 0.027193 seconds .

========================================================================
Received Import Request.
  Time since last request: 0.000284 seconds.
  path: Assets/Mapbox/Prefabs/LocationProviderFactory.prefab
  artifactKey: Guid(fa49ad38da3e540fca722d2ca9e1d026) Importer(815301076,1909f56bfc062723c751e8b465ee728b)
Start importing Assets/Mapbox/Prefabs/LocationProviderFactory.prefab using Guid(fa49ad38da3e540fca722d2ca9e1d026) Importer(815301076,1909f56bfc062723c751e8b465ee728b)  -> (artifact id: 'be218a5cb71732dfd58d37d11e07df6d') in 0.006984 seconds 
  Import took 0.015903 seconds .

========================================================================
Received Import Request.
  Time since last request: 0.000267 seconds.
  path: Assets/Mapbox/Resources/Mapbox/PrefabScreens/Location-basedGame.gif
  artifactKey: Guid(b9da555a2df00402d86244517dae835a) Importer(815301076,1909f56bfc062723c751e8b465ee728b)
Start importing Assets/Mapbox/Resources/Mapbox/PrefabScreens/Location-basedGame.gif using Guid(b9da555a2df00402d86244517dae835a) Importer(815301076,1909f56bfc062723c751e8b465ee728b)  -> (artifact id: '7b0c8800672a8b1bec8385737a29cec1') in 0.017893 seconds 
  Import took 0.026609 seconds .

========================================================================
Received Import Request.
  Time since last request: 0.000392 seconds.
  path: Assets/Mapbox/Examples/2_AstronautGame/AstronautGame/Road/LocationRoadLoftModifier.asset
  artifactKey: Guid(ed4da4864f7b7394399b675a217cd637) Importer(815301076,1909f56bfc062723c751e8b465ee728b)
Start importing Assets/Mapbox/Examples/2_AstronautGame/AstronautGame/Road/LocationRoadLoftModifier.asset using Guid(ed4da4864f7b7394399b675a217cd637) Importer(815301076,1909f56bfc062723c751e8b465ee728b)  -> (artifact id: '0db6ea934f89d02a78795b8079dbaef1') in 0.006226 seconds 
  Import took 0.015519 seconds .

========================================================================
Received Import Request.
  Time since last request: 0.000398 seconds.
  path: Assets/Mapbox/Resources/Mapbox/ScenesList.asset
  artifactKey: Guid(5424214e66dd94ac79007c7c31989849) Importer(815301076,1909f56bfc062723c751e8b465ee728b)
Start importing Assets/Mapbox/Resources/Mapbox/ScenesList.asset using Guid(5424214e66dd94ac79007c7c31989849) Importer(815301076,1909f56bfc062723c751e8b465ee728b)  -> (artifact id: '862b1dec04dd81aab603a99c8bb776c3') in 0.009426 seconds 
  Import took 0.018265 seconds .

========================================================================
Received Import Request.
  Time since last request: 0.000293 seconds.
  path: Assets/Mapbox/Examples/2_AstronautGame/AstronautGame/Park/LocationGameSpawnTreeModifier.asset
  artifactKey: Guid(e425dc440a40d9a4080794105e9f66ef) Importer(815301076,1909f56bfc062723c751e8b465ee728b)
Start importing Assets/Mapbox/Examples/2_AstronautGame/AstronautGame/Park/LocationGameSpawnTreeModifier.asset using Guid(e425dc440a40d9a4080794105e9f66ef) Importer(815301076,1909f56bfc062723c751e8b465ee728b)  -> (artifact id: '4bacab883879396212a6c0a0b517de66') in 0.003695 seconds 
  Import took 0.012626 seconds .

========================================================================
Received Import Request.
  Time since last request: 0.000326 seconds.
  path: Assets/Mapbox/Prefabs/LocationBasedGame.prefab
  artifactKey: Guid(35ce2bb4caba9434db5e656796b632b1) Importer(815301076,1909f56bfc062723c751e8b465ee728b)
Start importing Assets/Mapbox/Prefabs/LocationBasedGame.prefab using Guid(35ce2bb4caba9434db5e656796b632b1) Importer(815301076,1909f56bfc062723c751e8b465ee728b)  -> (artifact id: '6ae1288d2236b70d69826ff1812c258b') in 0.680483 seconds 
  Import took 0.689284 seconds .

========================================================================
Received Import Request.
  Time since last request: 0.000321 seconds.
  path: Assets/Mapbox/Resources/Mapbox/PrefabList.asset
  artifactKey: Guid(8d2ff5cb743b345f4a7ff8b3cdc69f27) Importer(815301076,1909f56bfc062723c751e8b465ee728b)
Start importing Assets/Mapbox/Resources/Mapbox/PrefabList.asset using Guid(8d2ff5cb743b345f4a7ff8b3cdc69f27) Importer(815301076,1909f56bfc062723c751e8b465ee728b)  -> (artifact id: '86e5da77fb1022e7e821d24322d0f405') in 0.005915 seconds 
  Import took 0.014546 seconds .

========================================================================
Received Import Request.
  Time since last request: 0.000315 seconds.
  path: Assets/Mapbox/Examples/Resources/LocationProviderMapMaterial.mat
  artifactKey: Guid(8ba055cb55bcc4488b727c601be0be29) Importer(815301076,1909f56bfc062723c751e8b465ee728b)
Start importing Assets/Mapbox/Examples/Resources/LocationProviderMapMaterial.mat using Guid(8ba055cb55bcc4488b727c601be0be29) Importer(815301076,1909f56bfc062723c751e8b465ee728b)  -> (artifact id: '3b0ceca6a2342e203c4f4356bafe6ae0') in 0.229863 seconds 
  Import took 0.239080 seconds .

========================================================================
Received Import Request.
  Time since last request: 0.000328 seconds.
  path: Assets/Mapbox/Examples/2_AstronautGame/AstronautGame/Building/LocationBuildingMaterialModifier.asset
  artifactKey: Guid(d819a9dc4ee96d94abd9b7391fef02c7) Importer(815301076,1909f56bfc062723c751e8b465ee728b)
Start importing Assets/Mapbox/Examples/2_AstronautGame/AstronautGame/Building/LocationBuildingMaterialModifier.asset using Guid(d819a9dc4ee96d94abd9b7391fef02c7) Importer(815301076,1909f56bfc062723c751e8b465ee728b)  -> (artifact id: 'a202502e279e08500997c1611c5a8842') in 0.003749 seconds 
  Import took 0.012053 seconds .

========================================================================
Received Import Request.
  Time since last request: 0.000345 seconds.
  path: Assets/Mapbox/Examples/2_AstronautGame/AstronautGame/Road/LocationRoadMaterialModifier.asset
  artifactKey: Guid(5ad7c36a7a62f8b4cbcbcea8139a12a5) Importer(815301076,1909f56bfc062723c751e8b465ee728b)
Start importing Assets/Mapbox/Examples/2_AstronautGame/AstronautGame/Road/LocationRoadMaterialModifier.asset using Guid(5ad7c36a7a62f8b4cbcbcea8139a12a5) Importer(815301076,1909f56bfc062723c751e8b465ee728b)  -> (artifact id: 'c1a4ad3ed65190a115a4215428eeabea') in 0.003488 seconds 
  Import took 0.012754 seconds .

========================================================================
Received Import Request.
  Time since last request: 59.104516 seconds.
  path: Assets/_Game/Scripts/MapBox/ViewController.cs
  artifactKey: Guid(b181ce92509389c48a5638ec9733c73b) Importer(815301076,1909f56bfc062723c751e8b465ee728b)
Start importing Assets/_Game/Scripts/MapBox/ViewController.cs using Guid(b181ce92509389c48a5638ec9733c73b) Importer(815301076,1909f56bfc062723c751e8b465ee728b)  -> (artifact id: 'fc80e83e8a8c732fb3f8311e2cbd0548') in 0.029195 seconds 
  Import took 0.039503 seconds .

AssetImportWorkerClient::OnTransportError - code=2 error=End of file
